#
# A fatal error has been detected by the Java Runtime Environment:
#
#  EXCEPTION_ACCESS_VIOLATION (0xc0000005) at pc=0x000000006c6c83b6, pid=3588, tid=1156
#
# JRE version: Java(TM) SE Runtime Environment (8.0_45-b14) (build 1.8.0_45-b14)
# Java VM: Java HotSpot(TM) 64-Bit Server VM (25.45-b02 mixed mode windows-amd64 compressed oops)
# Problematic frame:
# V  [jvm.dll+0x3f83b6]
#
# Failed to write core dump. Minidumps are not enabled by default on client versions of Windows
#
# If you would like to submit a bug report, please visit:
#   http://bugreport.java.com/bugreport/crash.jsp
#

---------------  T H R E A D  ---------------

Current thread (0x0000000002075800):  GCTaskThread [stack: 0x00000000121c0000,0x00000000122c0000] [id=1156]

siginfo: ExceptionCode=0xc0000005, reading address 0x0000000000000000

Registers:
RAX=0x0000000000000000, RBX=0x00000000f8fbe000, RCX=0x00000000f8fbe000, RDX=0x0000000015f56df8
RSP=0x00000000122bf360, RBP=0x0000000000000006, RSI=0x0000000055ee9900, RDI=0x00000000a3c62200
R8 =0x0000000000000006, R9 =0x0000000015f56df8, R10=0x0000000000000008, R11=0x00000000f527e318
R12=0x0000000011b6e309, R13=0x0000000000000000, R14=0x0000000000000000, R15=0x000000000206c5e0
RIP=0x000000006c6c83b6, EFLAGS=0x0000000000010246

Top of Stack: (sp=0x00000000122bf360)
0x00000000122bf360:   0000000000000011 0000000000000006
0x00000000122bf370:   0000000055ee9900 000000006cad4040
0x00000000122bf380:   00000000f5276328 000000006c6c8aeb
0x00000000122bf390:   00000000122bf438 000000000a790000
0x00000000122bf3a0:   0000000000000000 0000000055ee9900
0x00000000122bf3b0:   0000000011b6e309 000000006c6c8710
0x00000000122bf3c0:   00000000f5241e68 0000000011b6e385
0x00000000122bf3d0:   0000000055ee9900 00000000a3c62200
0x00000000122bf3e0:   00000000f5241e68 000000006c6c92b5
0x00000000122bf3f0:   00000000f8f91ba8 0000000011b6e385
0x00000000122bf400:   0000000055ee9900 000000006c6c7b1b
0x00000000122bf410:   00000000000005b9 0000000000270000
0x00000000122bf420:   00000000a380444c 000000006c3e2fc0
0x00000000122bf430:   0000000055ee9900 000000006c3e10d3
0x00000000122bf440:   00000000a3c62025 00000000a3c62025
0x00000000122bf450:   00000000a3c6210c 000000006c3e2ed7 

Instructions: (pc=0x000000006c6c83b6)
0x000000006c6c8396:   48 8b 52 08 48 8b cb e8 de 59 cb ff 48 63 e8 41
0x000000006c6c83a6:   0f b6 c5 f6 d0 a8 01 49 8b c5 74 06 48 83 e0 fd
0x000000006c6c83b6:   8b 00 48 c1 e8 03 83 e0 0f 3b 05 83 bd 40 00 0f
0x000000006c6c83c6:   83 11 01 00 00 48 8b d5 48 8b ce e8 fa f9 ff ff 


Register to memory mapping:

RAX=0x0000000000000000 is an unknown value
RBX=0x00000000f8fbe000 is an unknown value
RCX=0x00000000f8fbe000 is an unknown value
RDX=0x0000000015f56df8 is pointing into metadata
RSP=0x00000000122bf360 is an unknown value
RBP=0x0000000000000006 is an unknown value
RSI=0x0000000055ee9900 is an unknown value
RDI=0x00000000a3c62200 is an oop
java.util.concurrent.FutureTask 
 - klass: 'java/util/concurrent/FutureTask'
R8 =0x0000000000000006 is an unknown value
R9 =0x0000000015f56df8 is pointing into metadata
R10=0x0000000000000008 is an unknown value
R11=0x00000000f527e318 is an oop

[error occurred during error reporting (printing register info), id 0xc0000005]

Stack: [0x00000000121c0000,0x00000000122c0000],  sp=0x00000000122bf360,  free space=1020k
Native frames: (J=compiled Java code, j=interpreted, Vv=VM code, C=native code)
V  [jvm.dll+0x3f83b6]
V  [jvm.dll+0x3f8710]
V  [jvm.dll+0x3f92b5]
V  [jvm.dll+0x3e8b6f]
V  [jvm.dll+0x3fb2e2]
V  [jvm.dll+0x3ea33e]
V  [jvm.dll+0x29853a]
C  [msvcr100.dll+0x21d9f]
C  [msvcr100.dll+0x21e3b]
C  [kernel32.dll+0x1f56d]
C  [ntdll.dll+0x33281]


---------------  P R O C E S S  ---------------

Java Threads: ( => current thread )
  0x000000005abb6000 JavaThread "stdout" daemon [_thread_blocked, id=276, stack(0x00000000660e0000,0x00000000661e0000)]
  0x000000005abb5000 JavaThread "stderr" daemon [_thread_blocked, id=828, stack(0x0000000065eb0000,0x0000000065fb0000)]
  0x000000005abb4800 JavaThread "stdout" daemon [_thread_blocked, id=308, stack(0x0000000065bb0000,0x0000000065cb0000)]
  0x000000005ea37000 JavaThread "stderr" daemon [_thread_blocked, id=1588, stack(0x0000000065ce0000,0x0000000065de0000)]
  0x000000005ea36800 JavaThread "stdout" daemon [_thread_blocked, id=2188, stack(0x0000000065930000,0x0000000065a30000)]
  0x000000005ea35800 JavaThread "stderr" daemon [_thread_blocked, id=4388, stack(0x0000000065a30000,0x0000000065b30000)]
  0x000000005ea35000 JavaThread "stdout" daemon [_thread_blocked, id=888, stack(0x0000000065760000,0x0000000065860000)]
  0x000000005ea34000 JavaThread "stderr" daemon [_thread_blocked, id=3048, stack(0x0000000065590000,0x0000000065690000)]
  0x000000005ea33800 JavaThread "stdout" daemon [_thread_blocked, id=3760, stack(0x0000000064fe0000,0x00000000650e0000)]
  0x000000005ea32800 JavaThread "stderr" daemon [_thread_in_native, id=4472, stack(0x0000000064980000,0x0000000064a80000)]
  0x000000005ea32000 JavaThread "stdout" daemon [_thread_blocked, id=4952, stack(0x0000000065440000,0x0000000065540000)]
  0x000000005ea31000 JavaThread "stderr" daemon [_thread_in_native, id=4160, stack(0x0000000064a90000,0x0000000064b90000)]
  0x000000005ea30000 JavaThread "stdout" daemon [_thread_blocked, id=2476, stack(0x0000000064880000,0x0000000064980000)]
  0x0000000058ce3000 JavaThread "stderr" daemon [_thread_in_native, id=4708, stack(0x00000000642e0000,0x00000000643e0000)]
  0x0000000058ce2000 JavaThread "png-cruncher_470" daemon [_thread_blocked, id=4284, stack(0x0000000065320000,0x0000000065420000)]
  0x0000000058ce1800 JavaThread "png-cruncher_469" daemon [_thread_blocked, id=4828, stack(0x0000000065130000,0x0000000065230000)]
  0x0000000058ce0800 JavaThread "png-cruncher_468" daemon [_thread_blocked, id=4616, stack(0x0000000064ee0000,0x0000000064fe0000)]
  0x0000000058ce0000 JavaThread "png-cruncher_467" daemon [_thread_blocked, id=2116, stack(0x0000000064d10000,0x0000000064e10000)]
  0x0000000058cdf000 JavaThread "png-cruncher_466" daemon [_thread_blocked, id=4924, stack(0x0000000064ba0000,0x0000000064ca0000)]
  0x0000000058cde800 JavaThread "png-cruncher_465" daemon [_thread_blocked, id=4652, stack(0x0000000063a40000,0x0000000063b40000)]
  0x0000000058cdd800 JavaThread "png-cruncher_464" daemon [_thread_blocked, id=5116, stack(0x00000000645a0000,0x00000000646a0000)]
  0x0000000058cdd000 JavaThread "png-cruncher_463" daemon [_thread_blocked, id=3304, stack(0x00000000646a0000,0x00000000647a0000)]
  0x0000000058cdc000 JavaThread "png-cruncher_462" daemon [_thread_blocked, id=4380, stack(0x00000000640c0000,0x00000000641c0000)]
  0x0000000058cc3000 JavaThread "png-cruncher_461" daemon [_thread_blocked, id=1980, stack(0x0000000064400000,0x0000000064500000)]
  0x0000000058cc2800 JavaThread "stdout" daemon [_thread_blocked, id=3564, stack(0x00000000633a0000,0x00000000634a0000)]
  0x0000000058cc1800 JavaThread "stderr" daemon [_thread_in_native, id=4536, stack(0x00000000641e0000,0x00000000642e0000)]
  0x0000000058cc1000 JavaThread "stdout" daemon [_thread_blocked, id=3768, stack(0x0000000063ca0000,0x0000000063da0000)]
  0x0000000058cc0000 JavaThread "stderr" daemon [_thread_in_native, id=4928, stack(0x0000000063f30000,0x0000000064030000)]
  0x0000000058cbf800 JavaThread "stdout" daemon [_thread_blocked, id=3908, stack(0x0000000063da0000,0x0000000063ea0000)]
  0x0000000058cbe800 JavaThread "stderr" daemon [_thread_in_native, id=568, stack(0x0000000063b40000,0x0000000063c40000)]
  0x0000000058cbd800 JavaThread "stdout" daemon [_thread_blocked, id=4468, stack(0x0000000062fa0000,0x00000000630a0000)]
  0x0000000058cbd000 JavaThread "stderr" daemon [_thread_in_native, id=4940, stack(0x0000000063940000,0x0000000063a40000)]
  0x0000000058cbc000 JavaThread "stdout" daemon [_thread_blocked, id=4168, stack(0x00000000637c0000,0x00000000638c0000)]
  0x000000005c6e0000 JavaThread "stderr" daemon [_thread_in_native, id=1360, stack(0x00000000635f0000,0x00000000636f0000)]
  0x000000005c6df800 JavaThread "stdout" daemon [_thread_blocked, id=3580, stack(0x00000000634a0000,0x00000000635a0000)]
  0x000000005c6de800 JavaThread "stderr" daemon [_thread_in_native, id=4400, stack(0x0000000063290000,0x0000000063390000)]
  0x000000005c6de000 JavaThread "stdout" daemon [_thread_blocked, id=4180, stack(0x00000000630a0000,0x00000000631a0000)]
  0x000000005c6dd000 JavaThread "stderr" daemon [_thread_in_native, id=5036, stack(0x0000000061920000,0x0000000061a20000)]
  0x000000005c6dc800 JavaThread "stdout" daemon [_thread_blocked, id=4836, stack(0x0000000062e00000,0x0000000062f00000)]
  0x000000005c6db800 JavaThread "stderr" daemon [_thread_in_native, id=4312, stack(0x0000000062c20000,0x0000000062d20000)]
  0x000000005c6db000 JavaThread "stdout" daemon [_thread_blocked, id=4596, stack(0x00000000627c0000,0x00000000628c0000)]
  0x000000005c6da000 JavaThread "stderr" daemon [_thread_in_native, id=1824, stack(0x000000005e4a0000,0x000000005e5a0000)]
  0x000000005c6d9800 JavaThread "stdout" daemon [_thread_blocked, id=4592, stack(0x0000000062a40000,0x0000000062b40000)]
  0x000000005abd2000 JavaThread "stderr" daemon [_thread_in_native, id=4500, stack(0x00000000628f0000,0x00000000629f0000)]
  0x000000005abd6000 JavaThread "png-cruncher_460" daemon [_thread_blocked, id=2724, stack(0x00000000626b0000,0x00000000627b0000)]
  0x000000005abd6800 JavaThread "png-cruncher_459" daemon [_thread_blocked, id=5112, stack(0x0000000062510000,0x0000000062610000)]
  0x00000000579cf000 JavaThread "png-cruncher_458" daemon [_thread_blocked, id=4580, stack(0x0000000062350000,0x0000000062450000)]
  0x00000000579d0800 JavaThread "png-cruncher_457" daemon [_thread_blocked, id=3752, stack(0x0000000062170000,0x0000000062270000)]
  0x00000000579d3800 JavaThread "png-cruncher_456" daemon [_thread_blocked, id=2904, stack(0x0000000062010000,0x0000000062110000)]
  0x00000000579ce000 JavaThread "png-cruncher_455" daemon [_thread_blocked, id=2464, stack(0x0000000061bc0000,0x0000000061cc0000)]
  0x000000005abc6000 JavaThread "png-cruncher_454" daemon [_thread_blocked, id=3956, stack(0x0000000061820000,0x0000000061920000)]
  0x000000005abc8000 JavaThread "png-cruncher_453" daemon [_thread_blocked, id=3680, stack(0x0000000060620000,0x0000000060720000)]
  0x000000005abc7800 JavaThread "png-cruncher_452" daemon [_thread_blocked, id=4812, stack(0x0000000061520000,0x0000000061620000)]
  0x000000005abca800 JavaThread "png-cruncher_451" daemon [_thread_blocked, id=4532, stack(0x000000005a270000,0x000000005a370000)]
  0x000000005abcb000 JavaThread "pool-38-thread-1" [_thread_blocked, id=4276, stack(0x0000000061a20000,0x0000000061b20000)]
  0x000000005abd3000 JavaThread "pool-39-thread-2" [_thread_blocked, id=2992, stack(0x0000000059930000,0x0000000059a30000)]
  0x000000005abd4800 JavaThread "pool-39-thread-1" [_thread_blocked, id=5032, stack(0x0000000061390000,0x0000000061490000)]
  0x000000005abc9800 JavaThread "Stdin handler" [_thread_blocked, id=3996, stack(0x0000000061240000,0x0000000061340000)]
  0x0000000057210000 JavaThread "Asynchronous log dispatcher for org.gradle.launcher.daemon.server.DefaultDaemonConnection@6d10fbe9" [_thread_blocked, id=3980, stack(0x0000000061100000,0x0000000061200000)]
  0x000000005720e800 JavaThread "Daemon worker Thread 4" [_thread_blocked, id=4364, stack(0x000000005d940000,0x000000005da40000)]
  0x0000000057211000 JavaThread "Cancel handler" [_thread_blocked, id=3188, stack(0x0000000059d40000,0x0000000059e40000)]
  0x000000005720f800 JavaThread "Handler for socket connection from /127.0.0.1:49612 to /127.0.0.1:51656" [_thread_in_native, id=4736, stack(0x0000000059bd0000,0x0000000059cd0000)]
  0x000000005720e000 JavaThread "Daemon Thread 4" [_thread_blocked, id=3248, stack(0x0000000059a60000,0x0000000059b60000)]
  0x000000005abd9000 JavaThread "pool-17-thread-4" [_thread_blocked, id=4268, stack(0x0000000061670000,0x0000000061770000)]
  0x000000005abd5000 JavaThread "pool-17-thread-3" [_thread_blocked, id=3336, stack(0x0000000060f80000,0x0000000061080000)]
  0x00000000579cd800 JavaThread "pool-17-thread-2" [_thread_blocked, id=892, stack(0x000000005bd40000,0x000000005be40000)]
  0x00000000579d2000 JavaThread "pool-17-thread-1" [_thread_blocked, id=5024, stack(0x000000005e8b0000,0x000000005e9b0000)]
  0x000000005720b800 JavaThread "pool-2-thread-1" [_thread_blocked, id=3528, stack(0x000000005a170000,0x000000005a270000)]
  0x00000000588d9000 JavaThread "File lock request listener" [_thread_in_native, id=2000, stack(0x000000005be40000,0x000000005bf40000)]
  0x000000005852f800 JavaThread "Incoming local TCP Connector on port 49612" [_thread_in_native, id=3144, stack(0x0000000059350000,0x0000000059450000)]
  0x0000000057fd3000 JavaThread "pool-1-thread-1" [_thread_blocked, id=3684, stack(0x0000000059620000,0x0000000059720000)]
  0x0000000055fbe000 JavaThread "Service Thread" daemon [_thread_blocked, id=3512, stack(0x0000000057650000,0x0000000057750000)]
  0x0000000055f58000 JavaThread "C1 CompilerThread1" daemon [_thread_blocked, id=4024, stack(0x00000000570c0000,0x00000000571c0000)]
  0x0000000055f54000 JavaThread "C2 CompilerThread0" daemon [_thread_blocked, id=1820, stack(0x0000000056e50000,0x0000000056f50000)]
  0x0000000055f52000 JavaThread "Attach Listener" daemon [_thread_blocked, id=3484, stack(0x0000000056f90000,0x0000000057090000)]
  0x0000000055f62800 JavaThread "Signal Dispatcher" daemon [_thread_blocked, id=3668, stack(0x0000000056ce0000,0x0000000056de0000)]
  0x0000000055efb800 JavaThread "Finalizer" daemon [_thread_blocked, id=3864, stack(0x0000000056b90000,0x0000000056c90000)]
  0x0000000055ef2800 JavaThread "Reference Handler" daemon [_thread_blocked, id=2328, stack(0x0000000056a80000,0x0000000056b80000)]
  0x000000000203d800 JavaThread "main" [_thread_blocked, id=3448, stack(0x00000000023c0000,0x00000000024c0000)]

Other Threads:
  0x0000000055eec800 VMThread [stack: 0x0000000056910000,0x0000000056a10000] [id=3364]
  0x00000000571d9000 WatcherThread [stack: 0x00000000577d0000,0x00000000578d0000] [id=1252]

=>0x0000000002075800 (exited) GCTaskThread [stack: 0x00000000121c0000,0x00000000122c0000] [id=1156]

VM state:at safepoint (normal execution)

VM Mutex/Monitor currently owned by a thread:  ([mutex/lock_event])
[0x000000000203be50] Threads_lock - owner thread: 0x0000000055eec800
[0x000000000203c350] Heap_lock - owner thread: 0x000000005ea34000

Heap:
 PSYoungGen      total 364032K, used 350807K [0x00000000e0000000, 0x00000000faa80000, 0x0000000100000000)
  eden space 329216K, 100% used [0x00000000e0000000,0x00000000f4180000,0x00000000f4180000)
  from space 34816K, 62% used [0x00000000f8880000,0x00000000f9d95e20,0x00000000faa80000)
  to   space 53760K, 34% used [0x00000000f4180000,0x00000000f53be328,0x00000000f7600000)
 ParOldGen       total 246784K, used 154639K [0x00000000a0000000, 0x00000000af100000, 0x00000000e0000000)
  object space 246784K, 62% used [0x00000000a0000000,0x00000000a9703fb0,0x00000000af100000)
 Metaspace       used 72650K, capacity 76008K, committed 76288K, reserved 1116160K
  class space    used 9332K, capacity 9921K, committed 9984K, reserved 1048576K

Card table byte_map: [0x0000000011b50000,0x0000000011e60000] byte_map_base: 0x0000000011650000

Marking Bits: (ParMarkBitMap*) 0x000000006cad4040
 Begin Bits: [0x00000000122c0000, 0x0000000013ac0000)
 End Bits:   [0x0000000013ac0000, 0x00000000152c0000)

Polling page: 0x0000000000230000

CodeCache: size=245760Kb used=51515Kb max_used=51585Kb free=194244Kb
 bounds [0x0000000002790000, 0x0000000005a70000, 0x0000000011790000]
 total_blobs=15171 nmethods=14409 adapters=674
 compilation: enabled

Compilation events (10 events):
Event: 2378.752 Thread 0x0000000055f54000 18582       4       com.android.resources.ResourceFolderType::getTypeByName (67 bytes)
Event: 2378.756 Thread 0x0000000055f54000 nmethod 18582 0x000000000320dc50 code [0x000000000320dda0, 0x000000000320dff8]
Event: 2378.829 Thread 0x0000000055f54000 18583  s    4       com.android.builder.png.AaptProcess$ProcessOutputFacade::out (148 bytes)
Event: 2378.975 Thread 0x0000000055f58000 18584       3       sun.nio.cs.StreamDecoder::implRead (243 bytes)
Event: 2378.978 Thread 0x0000000055f58000 nmethod 18584 0x000000000571aad0 code [0x000000000571ada0, 0x000000000571c728]
Event: 2379.151 Thread 0x0000000055f54000 nmethod 18583 0x0000000005740050 code [0x00000000057403e0, 0x0000000005743f30]
Event: 2379.210 Thread 0x0000000055f54000 18585       4       java.util.concurrent.locks.AbstractQueuedSynchronizer::shouldParkAfterFailedAcquire (50 bytes)
Event: 2379.213 Thread 0x0000000055f54000 nmethod 18585 0x00000000057cf2d0 code [0x00000000057cf420, 0x00000000057cf538]
Event: 2379.213 Thread 0x0000000055f54000 18586       4       sun.nio.cs.StreamEncoder::write (37 bytes)
Event: 2379.217 Thread 0x0000000055f54000 nmethod 18586 0x0000000003c73dd0 code [0x0000000003c73f20, 0x0000000003c741a8]

GC Heap History (10 events):
Event: 2232.330 GC heap after
Heap after GC invocations=37 (full 8):
 PSYoungGen      total 327680K, used 38052K [0x00000000e0000000, 0x00000000f8900000, 0x0000000100000000)
  eden space 288768K, 0% used [0x00000000e0000000,0x00000000e0000000,0x00000000f1a00000)
  from space 38912K, 97% used [0x00000000f1a00000,0x00000000f3f29270,0x00000000f4000000)
  to   space 45056K, 0% used [0x00000000f5d00000,0x00000000f5d00000,0x00000000f8900000)
 ParOldGen       total 163840K, used 101573K [0x00000000a0000000, 0x00000000aa000000, 0x00000000e0000000)
  object space 163840K, 61% used [0x00000000a0000000,0x00000000a6331430,0x00000000aa000000)
 Metaspace       used 72276K, capacity 75418K, committed 75776K, reserved 1116160K
  class space    used 9297K, capacity 9842K, committed 9984K, reserved 1048576K
}
Event: 2235.236 GC heap before
{Heap before GC invocations=38 (full 8):
 PSYoungGen      total 327680K, used 326820K [0x00000000e0000000, 0x00000000f8900000, 0x0000000100000000)
  eden space 288768K, 100% used [0x00000000e0000000,0x00000000f1a00000,0x00000000f1a00000)
  from space 38912K, 97% used [0x00000000f1a00000,0x00000000f3f29270,0x00000000f4000000)
  to   space 45056K, 0% used [0x00000000f5d00000,0x00000000f5d00000,0x00000000f8900000)
 ParOldGen       total 163840K, used 101573K [0x00000000a0000000, 0x00000000aa000000, 0x00000000e0000000)
  object space 163840K, 61% used [0x00000000a0000000,0x00000000a6331430,0x00000000aa000000)
 Metaspace       used 72355K, capacity 75588K, committed 76032K, reserved 1116160K
  class space    used 9306K, capacity 9853K, committed 9984K, reserved 1048576K
Event: 2235.605 GC heap after
Heap after GC invocations=38 (full 8):
 PSYoungGen      total 344576K, used 45047K [0x00000000e0000000, 0x00000000fb100000, 0x0000000100000000)
  eden space 299520K, 0% used [0x00000000e0000000,0x00000000e0000000,0x00000000f2480000)
  from space 45056K, 99% used [0x00000000f5d00000,0x00000000f88fdf30,0x00000000f8900000)
  to   space 57856K, 0% used [0x00000000f2480000,0x00000000f2480000,0x00000000f5d00000)
 ParOldGen       total 163840K, used 115571K [0x00000000a0000000, 0x00000000aa000000, 0x00000000e0000000)
  object space 163840K, 70% used [0x00000000a0000000,0x00000000a70dccc0,0x00000000aa000000)
 Metaspace       used 72355K, capacity 75588K, committed 76032K, reserved 1116160K
  class space    used 9306K, capacity 9853K, committed 9984K, reserved 1048576K
}
Event: 2238.621 GC heap before
{Heap before GC invocations=39 (full 8):
 PSYoungGen      total 344576K, used 344567K [0x00000000e0000000, 0x00000000fb100000, 0x0000000100000000)
  eden space 299520K, 100% used [0x00000000e0000000,0x00000000f2480000,0x00000000f2480000)
  from space 45056K, 99% used [0x00000000f5d00000,0x00000000f88fdf30,0x00000000f8900000)
  to   space 57856K, 0% used [0x00000000f2480000,0x00000000f2480000,0x00000000f5d00000)
 ParOldGen       total 163840K, used 115571K [0x00000000a0000000, 0x00000000aa000000, 0x00000000e0000000)
  object space 163840K, 70% used [0x00000000a0000000,0x00000000a70dccc0,0x00000000aa000000)
 Metaspace       used 72370K, capacity 75588K, committed 76032K, reserved 1116160K
  class space    used 9306K, capacity 9853K, committed 9984K, reserved 1048576K
Event: 2238.908 GC heap after
Heap after GC invocations=39 (full 8):
 PSYoungGen      total 357376K, used 28765K [0x00000000e0000000, 0x00000000fc000000, 0x0000000100000000)
  eden space 299520K, 0% used [0x00000000e0000000,0x00000000e0000000,0x00000000f2480000)
  from space 57856K, 49% used [0x00000000f2480000,0x00000000f4097610,0x00000000f5d00000)
  to   space 56832K, 0% used [0x00000000f8880000,0x00000000f8880000,0x00000000fc000000)
 ParOldGen       total 163840K, used 153772K [0x00000000a0000000, 0x00000000aa000000, 0x00000000e0000000)
  object space 163840K, 93% used [0x00000000a0000000,0x00000000a962b338,0x00000000aa000000)
 Metaspace       used 72370K, capacity 75588K, committed 76032K, reserved 1116160K
  class space    used 9306K, capacity 9853K, committed 9984K, reserved 1048576K
}
Event: 2238.908 GC heap before
{Heap before GC invocations=40 (full 9):
 PSYoungGen      total 357376K, used 28765K [0x00000000e0000000, 0x00000000fc000000, 0x0000000100000000)
  eden space 299520K, 0% used [0x00000000e0000000,0x00000000e0000000,0x00000000f2480000)
  from space 57856K, 49% used [0x00000000f2480000,0x00000000f4097610,0x00000000f5d00000)
  to   space 56832K, 0% used [0x00000000f8880000,0x00000000f8880000,0x00000000fc000000)
 ParOldGen       total 163840K, used 153772K [0x00000000a0000000, 0x00000000aa000000, 0x00000000e0000000)
  object space 163840K, 93% used [0x00000000a0000000,0x00000000a962b338,0x00000000aa000000)
 Metaspace       used 72370K, capacity 75588K, committed 76032K, reserved 1116160K
  class space    used 9306K, capacity 9853K, committed 9984K, reserved 1048576K
Event: 2241.948 GC heap after
Heap after GC invocations=40 (full 9):
 PSYoungGen      total 357376K, used 0K [0x00000000e0000000, 0x00000000fc000000, 0x0000000100000000)
  eden space 299520K, 0% used [0x00000000e0000000,0x00000000e0000000,0x00000000f2480000)
  from space 57856K, 0% used [0x00000000f2480000,0x00000000f2480000,0x00000000f5d00000)
  to   space 56832K, 0% used [0x00000000f8880000,0x00000000f8880000,0x00000000fc000000)
 ParOldGen       total 246784K, used 154631K [0x00000000a0000000, 0x00000000af100000, 0x00000000e0000000)
  object space 246784K, 62% used [0x00000000a0000000,0x00000000a9701fb0,0x00000000af100000)
 Metaspace       used 72370K, capacity 75588K, committed 76032K, reserved 1116160K
  class space    used 9306K, capacity 9853K, committed 9984K, reserved 1048576K
}
Event: 2265.153 GC heap before
{Heap before GC invocations=41 (full 9):
 PSYoungGen      total 357376K, used 299520K [0x00000000e0000000, 0x00000000fc000000, 0x0000000100000000)
  eden space 299520K, 100% used [0x00000000e0000000,0x00000000f2480000,0x00000000f2480000)
  from space 57856K, 0% used [0x00000000f2480000,0x00000000f2480000,0x00000000f5d00000)
  to   space 56832K, 0% used [0x00000000f8880000,0x00000000f8880000,0x00000000fc000000)
 ParOldGen       total 246784K, used 154631K [0x00000000a0000000, 0x00000000af100000, 0x00000000e0000000)
  object space 246784K, 62% used [0x00000000a0000000,0x00000000a9701fb0,0x00000000af100000)
 Metaspace       used 72473K, capacity 75712K, committed 76032K, reserved 1116160K
  class space    used 9311K, capacity 9889K, committed 9984K, reserved 1048576K
Event: 2265.312 GC heap after
Heap after GC invocations=41 (full 9):
 PSYoungGen      total 364032K, used 21591K [0x00000000e0000000, 0x00000000faa80000, 0x0000000100000000)
  eden space 329216K, 0% used [0x00000000e0000000,0x00000000e0000000,0x00000000f4180000)
  from space 34816K, 62% used [0x00000000f8880000,0x00000000f9d95e20,0x00000000faa80000)
  to   space 53760K, 0% used [0x00000000f4180000,0x00000000f4180000,0x00000000f7600000)
 ParOldGen       total 246784K, used 154639K [0x00000000a0000000, 0x00000000af100000, 0x00000000e0000000)
  object space 246784K, 62% used [0x00000000a0000000,0x00000000a9703fb0,0x00000000af100000)
 Metaspace       used 72473K, capacity 75712K, committed 76032K, reserved 1116160K
  class space    used 9311K, capacity 9889K, committed 9984K, reserved 1048576K
}
Event: 2379.435 GC heap before
{Heap before GC invocations=42 (full 9):
 PSYoungGen      total 364032K, used 350807K [0x00000000e0000000, 0x00000000faa80000, 0x0000000100000000)
  eden space 329216K, 100% used [0x00000000e0000000,0x00000000f4180000,0x00000000f4180000)
  from space 34816K, 62% used [0x00000000f8880000,0x00000000f9d95e20,0x00000000faa80000)
  to   space 53760K, 0% used [0x00000000f4180000,0x00000000f4180000,0x00000000f7600000)
 ParOldGen       total 246784K, used 154639K [0x00000000a0000000, 0x00000000af100000, 0x00000000e0000000)
  object space 246784K, 62% used [0x00000000a0000000,0x00000000a9703fb0,0x00000000af100000)
 Metaspace       used 72650K, capacity 76008K, committed 76288K, reserved 1116160K
  class space    used 9332K, capacity 9921K, committed 9984K, reserved 1048576K

Deoptimization events (10 events):
Event: 2243.959 Thread 0x00000000579d2000 Uncommon trap: reason=unstable_if action=reinterpret pc=0x00000000057ff5a8 method=com.android.dx.dex.code.LocalList$MakeState.snapshot(ILcom/android/dx/rop/code/RegisterSpecSet;)V @ 86
Event: 2244.273 Thread 0x00000000579d2000 Uncommon trap: reason=unstable_if action=reinterpret pc=0x0000000005262e68 method=com.android.dx.dex.code.LocalList$MakeState.filterSpec(Lcom/android/dx/rop/code/RegisterSpec;)Lcom/android/dx/rop/code/RegisterSpec; @ 11
Event: 2251.097 Thread 0x000000005720f800 Uncommon trap: reason=predicate action=maybe_recompile pc=0x0000000003cba6fc method=java.util.ArrayList.remove(Ljava/lang/Object;)Z @ 49
Event: 2253.116 Thread 0x000000005720f800 Uncommon trap: reason=unstable_if action=reinterpret pc=0x000000000371bb7c method=java.util.concurrent.ConcurrentHashMap.get(Ljava/lang/Object;)Ljava/lang/Object; @ 152
Event: 2253.196 Thread 0x000000005720f800 Uncommon trap: reason=unstable_if action=reinterpret pc=0x00000000029ed2a8 method=java.io.WinNTFileSystem.resolve(Ljava/lang/String;Ljava/lang/String;)Ljava/lang/String; @ 36
Event: 2277.995 Thread 0x000000005720f800 Uncommon trap: reason=bimorphic action=maybe_recompile pc=0x00000000045ac30c method=org.gradle.internal.logging.text.AbstractStyledTextOutput.text(Ljava/lang/Object;)Lorg/gradle/internal/logging/text/StyledTextOutput; @ 11
Event: 2278.284 Thread 0x000000005720f800 Uncommon trap: reason=unstable_if action=reinterpret pc=0x0000000003d0c37c method=java.util.concurrent.ConcurrentHashMap.clear()V @ 87
Event: 2279.670 Thread 0x000000005720e000 Uncommon trap: reason=class_check action=maybe_recompile pc=0x0000000004b11154 method=org.gradle.internal.serialize.Message$ExceptionReplacingObjectOutputStream.replaceObject(Ljava/lang/Object;)Ljava/lang/Object; @ 12
Event: 2374.672 Thread 0x000000005720e800 Uncommon trap: reason=unstable_if action=reinterpret pc=0x0000000004a0edac method=com.sun.org.apache.xerces.internal.impl.XMLDocumentFragmentScannerImpl$FragmentContentDriver.next()I @ 2225
Event: 2374.672 Thread 0x000000005720e800 Uncommon trap: reason=null_check action=make_not_entrant pc=0x0000000004843004 method=com.sun.org.apache.xerces.internal.dom.DeferredElementNSImpl.synchronizeData()V @ 95

Internal exceptions (10 events):
Event: 2373.358 Thread 0x000000005720e800 Exception <a 'sun/nio/fs/WindowsException'> (0x00000000ebfd59c0) thrown at [C:\re\workspace\8-2-build-windows-amd64-cygwin\jdk8u45\3457\hotspot\src\share\vm\prims\jni.cpp, line 709]
Event: 2373.421 Thread 0x000000005720e800 Exception <a 'sun/nio/fs/WindowsException'> (0x00000000ebfd8f80) thrown at [C:\re\workspace\8-2-build-windows-amd64-cygwin\jdk8u45\3457\hotspot\src\share\vm\prims\jni.cpp, line 709]
Event: 2373.421 Thread 0x000000005720e800 Exception <a 'sun/nio/fs/WindowsException'> (0x00000000ebfd9940) thrown at [C:\re\workspace\8-2-build-windows-amd64-cygwin\jdk8u45\3457\hotspot\src\share\vm\prims\jni.cpp, line 709]
Event: 2373.421 Thread 0x000000005720e800 Exception <a 'sun/nio/fs/WindowsException'> (0x00000000ebfdb070) thrown at [C:\re\workspace\8-2-build-windows-amd64-cygwin\jdk8u45\3457\hotspot\src\share\vm\prims\jni.cpp, line 709]
Event: 2373.421 Thread 0x000000005720e800 Exception <a 'sun/nio/fs/WindowsException'> (0x00000000ebfdba70) thrown at [C:\re\workspace\8-2-build-windows-amd64-cygwin\jdk8u45\3457\hotspot\src\share\vm\prims\jni.cpp, line 709]
Event: 2373.507 Thread 0x000000005720e800 Exception <a 'sun/nio/fs/WindowsException'> (0x00000000ebfded28) thrown at [C:\re\workspace\8-2-build-windows-amd64-cygwin\jdk8u45\3457\hotspot\src\share\vm\prims\jni.cpp, line 709]
Event: 2373.507 Thread 0x000000005720e800 Exception <a 'sun/nio/fs/WindowsException'> (0x00000000ebfdf558) thrown at [C:\re\workspace\8-2-build-windows-amd64-cygwin\jdk8u45\3457\hotspot\src\share\vm\prims\jni.cpp, line 709]
Event: 2373.508 Thread 0x000000005720e800 Exception <a 'sun/nio/fs/WindowsException'> (0x00000000ebfe0b98) thrown at [C:\re\workspace\8-2-build-windows-amd64-cygwin\jdk8u45\3457\hotspot\src\share\vm\prims\jni.cpp, line 709]
Event: 2373.508 Thread 0x000000005720e800 Exception <a 'sun/nio/fs/WindowsException'> (0x00000000ebfe1488) thrown at [C:\re\workspace\8-2-build-windows-amd64-cygwin\jdk8u45\3457\hotspot\src\share\vm\prims\jni.cpp, line 709]
Event: 2374.672 Thread 0x000000005720e800 Implicit null exception at 0x0000000004842d2b to 0x0000000004842ff9

Events (10 events):
Event: 2379.195 Thread 0x000000005ea33800 Thread added: 0x000000005ea33800
Event: 2379.301 Thread 0x000000005ea34000 Thread added: 0x000000005ea34000
Event: 2379.301 Thread 0x000000005ea35000 Thread added: 0x000000005ea35000
Event: 2379.318 Thread 0x000000005ea35800 Thread added: 0x000000005ea35800
Event: 2379.318 Thread 0x000000005ea36800 Thread added: 0x000000005ea36800
Event: 2379.333 Thread 0x000000005ea37000 Thread added: 0x000000005ea37000
Event: 2379.333 Thread 0x000000005abb4800 Thread added: 0x000000005abb4800
Event: 2379.362 Thread 0x000000005abb5000 Thread added: 0x000000005abb5000
Event: 2379.362 Thread 0x000000005abb6000 Thread added: 0x000000005abb6000
Event: 2379.392 Executing VM operation: ParallelGCFailedAllocation


Dynamic libraries:
0x000000013f6f0000 - 0x000000013f727000 	C:\Program Files\Java\jdk1.8.0_45\bin\java.exe
0x0000000077560000 - 0x000000007770b000 	C:\Windows\SYSTEM32\ntdll.dll
0x0000000077340000 - 0x000000007745f000 	C:\Windows\system32\kernel32.dll
0x000007fefd5b0000 - 0x000007fefd61b000 	C:\Windows\system32\KERNELBASE.dll
0x000007feff6c0000 - 0x000007feff79b000 	C:\Windows\system32\ADVAPI32.dll
0x000007fefef60000 - 0x000007fefefff000 	C:\Windows\system32\msvcrt.dll
0x000007fefd9c0000 - 0x000007fefd9df000 	C:\Windows\SYSTEM32\sechost.dll
0x000007fefd890000 - 0x000007fefd9be000 	C:\Windows\system32\RPCRT4.dll
0x0000000077460000 - 0x000000007755a000 	C:\Windows\system32\USER32.dll
0x000007fefe9d0000 - 0x000007fefea37000 	C:\Windows\system32\GDI32.dll
0x000007feff000000 - 0x000007feff00e000 	C:\Windows\system32\LPK.dll
0x000007fefea50000 - 0x000007fefeb1a000 	C:\Windows\system32\USP10.dll
0x000007fefbe80000 - 0x000007fefc074000 	C:\Windows\WinSxS\amd64_microsoft.windows.common-controls_6595b64144ccf1df_6.0.7600.16385_none_fa645303170382f6\COMCTL32.dll
0x000007feff400000 - 0x000007feff471000 	C:\Windows\system32\SHLWAPI.dll
0x000007feff7a0000 - 0x000007feff7ce000 	C:\Windows\system32\IMM32.DLL
0x000007feff010000 - 0x000007feff119000 	C:\Windows\system32\MSCTF.dll
0x0000000073440000 - 0x0000000073512000 	C:\Program Files\Java\jdk1.8.0_45\jre\bin\msvcr100.dll
0x000000006c2d0000 - 0x000000006cb53000 	C:\Program Files\Java\jdk1.8.0_45\jre\bin\server\jvm.dll
0x000007fef70a0000 - 0x000007fef70a9000 	C:\Windows\system32\WSOCK32.dll
0x000007feff3b0000 - 0x000007feff3fd000 	C:\Windows\system32\WS2_32.dll
0x000007fefea40000 - 0x000007fefea48000 	C:\Windows\system32\NSI.dll
0x000007fefac80000 - 0x000007fefacbb000 	C:\Windows\system32\WINMM.dll
0x000007fefc470000 - 0x000007fefc47c000 	C:\Windows\system32\VERSION.dll
0x0000000077720000 - 0x0000000077727000 	C:\Windows\system32\PSAPI.DLL
0x0000000074f50000 - 0x0000000074f5f000 	C:\Program Files\Java\jdk1.8.0_45\jre\bin\verify.dll
0x0000000074f20000 - 0x0000000074f49000 	C:\Program Files\Java\jdk1.8.0_45\jre\bin\java.dll
0x0000000074f00000 - 0x0000000074f16000 	C:\Program Files\Java\jdk1.8.0_45\jre\bin\zip.dll
0x000007fefd9e0000 - 0x000007fefe767000 	C:\Windows\system32\SHELL32.dll
0x000007feff1a0000 - 0x000007feff3a1000 	C:\Windows\system32\ole32.dll
0x000007fefd4c0000 - 0x000007fefd4cf000 	C:\Windows\system32\profapi.dll
0x0000000074ee0000 - 0x0000000074efa000 	C:\Program Files\Java\jdk1.8.0_45\jre\bin\net.dll
0x000007fefcd30000 - 0x000007fefcd84000 	C:\Windows\system32\mswsock.dll
0x000007fefcd20000 - 0x000007fefcd27000 	C:\Windows\System32\wship6.dll
0x0000000074ec0000 - 0x0000000074ed1000 	C:\Program Files\Java\jdk1.8.0_45\jre\bin\nio.dll
0x000007fef7440000 - 0x000007fef7452000 	C:\Users\Lakki\.gradle\native\19\windows-amd64\native-platform.dll
0x000007fefcd90000 - 0x000007fefcda7000 	C:\Windows\system32\CRYPTSP.dll
0x000007fefca90000 - 0x000007fefcad7000 	C:\Windows\system32\rsaenh.dll
0x000007fefc810000 - 0x000007fefc82e000 	C:\Windows\system32\USERENV.dll
0x000007fefd3f0000 - 0x000007fefd3ff000 	C:\Windows\system32\CRYPTBASE.dll
0x000007fefaf10000 - 0x000007fefaf37000 	C:\Windows\system32\IPHLPAPI.DLL
0x000007fefaf00000 - 0x000007fefaf0b000 	C:\Windows\system32\WINNSI.DLL
0x000007fef99e0000 - 0x000007fef99f8000 	C:\Windows\system32\dhcpcsvc.DLL
0x000007fef95f0000 - 0x000007fef9601000 	C:\Windows\system32\dhcpcsvc6.DLL
0x0000000074eb0000 - 0x0000000074ebd000 	C:\Program Files\Java\jdk1.8.0_45\jre\bin\management.dll
0x000007fefd390000 - 0x000007fefd3e7000 	C:\Windows\system32\apphelp.dll
0x000007fef6210000 - 0x000007fef6335000 	C:\Windows\system32\dbghelp.dll

VM Arguments:
jvm_args: -Xmx1536m -Dfile.encoding=windows-1252 -Duser.country=US -Duser.language=en -Duser.variant 
java_command: org.gradle.launcher.daemon.bootstrap.GradleDaemon 2.14.1
java_class_path (initial): C:\Users\Lakki\.gradle\wrapper\dists\gradle-2.14.1-all\8bnwg5hd3w55iofp58khbp6yv\gradle-2.14.1\lib\gradle-launcher-2.14.1.jar
Launcher Type: SUN_STANDARD

Environment Variables:
JAVA_HOME=C:\Program Files\Java\jdk1.8.0_45
PATH=C:\Windows\system32;C:\Windows;C:\Windows\System32\Wbem;C:\Windows\System32\WindowsPowerShell\v1.0\;C:\Program Files\Java\jdk1.8.0_45\bin;C:\Lar\php;C:\Program Files\Git\cmd;C:\Program Files (x86)\Skype\Phone\
USERNAME=Lakki
OS=Windows_NT
PROCESSOR_IDENTIFIER=Intel64 Family 6 Model 15 Stepping 10, GenuineIntel



---------------  S Y S T E M  ---------------

OS: Windows 7 , 64 bit Build 7600 (6.1.7600.16385)

CPU:total 2 (2 cores per cpu, 1 threads per core) family 6 model 15 stepping 10, cmov, cx8, fxsr, mmx, sse, sse2, sse3, ssse3, tsc

Memory: 4k page, physical 3135608k(288132k free), swap 6269320k(2291844k free)

vm_info: Java HotSpot(TM) 64-Bit Server VM (25.45-b02) for windows-amd64 JRE (1.8.0_45-b14), built on Apr 10 2015 10:34:15 by "java_re" with MS VC++ 10.0 (VS2010)

time: Wed Oct 05 23:13:22 2016
elapsed time: 2384 seconds (0d 0h 39m 44s)

